Using pre-set license
Built from '2021.3/staging' branch; Version is '2021.3.9f1 (ad3870b89536) revision 11352176'; Using compiler version '192829333'; Build Type 'Release'
OS: 'Windows 10  (10.0.19044) 64bit Professional' Language: 'en' Physical Memory: 49081 MB
BatchMode: 1, IsHumanControllingUs: 0, StartBugReporterOnCrash: 0, Is64bit: 1, IsPro: 1

COMMAND LINE ARGUMENTS:
C:\Users\Keagan\Unity\2021.3.9f1\Editor\Unity.exe
-adb2
-batchMode
-noUpm
-name
AssetImportWorker3
-projectPath
C:/Users/Keagan/Unity/Projects/CrimsonGame
-logFile
Logs/AssetImportWorker3.log
-srvPort
50078
Successfully changed project path to: C:/Users/Keagan/Unity/Projects/CrimsonGame
C:/Users/Keagan/Unity/Projects/CrimsonGame
[UnityMemory] Configuration Parameters - Can be set up in boot.config
    "memorysetup-bucket-allocator-granularity=16"
    "memorysetup-bucket-allocator-bucket-count=8"
    "memorysetup-bucket-allocator-block-size=33554432"
    "memorysetup-bucket-allocator-block-count=8"
    "memorysetup-main-allocator-block-size=16777216"
    "memorysetup-thread-allocator-block-size=16777216"
    "memorysetup-gfx-main-allocator-block-size=16777216"
    "memorysetup-gfx-thread-allocator-block-size=16777216"
    "memorysetup-cache-allocator-block-size=4194304"
    "memorysetup-typetree-allocator-block-size=2097152"
    "memorysetup-profiler-bucket-allocator-granularity=16"
    "memorysetup-profiler-bucket-allocator-bucket-count=8"
    "memorysetup-profiler-bucket-allocator-block-size=33554432"
    "memorysetup-profiler-bucket-allocator-block-count=8"
    "memorysetup-profiler-allocator-block-size=16777216"
    "memorysetup-profiler-editor-allocator-block-size=1048576"
    "memorysetup-temp-allocator-size-main=16777216"
    "memorysetup-job-temp-allocator-block-size=2097152"
    "memorysetup-job-temp-allocator-block-size-background=1048576"
    "memorysetup-job-temp-allocator-reduction-small-platforms=262144"
    "memorysetup-temp-allocator-size-background-worker=32768"
    "memorysetup-temp-allocator-size-job-worker=262144"
    "memorysetup-temp-allocator-size-preload-manager=33554432"
    "memorysetup-temp-allocator-size-nav-mesh-worker=65536"
    "memorysetup-temp-allocator-size-audio-worker=65536"
    "memorysetup-temp-allocator-size-cloud-worker=32768"
    "memorysetup-temp-allocator-size-gi-baking-worker=262144"
    "memorysetup-temp-allocator-size-gfx=262144"
Refreshing native plugins compatible for Editor in 185.58 ms, found 3 plugins.
Preloading 0 native plugins for Editor in 0.00 ms.
Initialize engine version: 2021.3.9f1 (ad3870b89536)
[Subsystems] Discovering subsystems at path C:/Users/Keagan/Unity/2021.3.9f1/Editor/Data/Resources/UnitySubsystems
[Subsystems] Discovering subsystems at path C:/Users/Keagan/Unity/Projects/CrimsonGame/Assets
GfxDevice: creating device client; threaded=0; jobified=0
Direct3D:
    Version:  Direct3D 11.0 [level 11.1]
    Renderer: NVIDIA GeForce RTX 3080 (ID=0x220a)
    Vendor:   NVIDIA
    VRAM:     12116 MB
    Driver:   30.0.15.1215
Initialize mono
Mono path[0] = 'C:/Users/Keagan/Unity/2021.3.9f1/Editor/Data/Managed'
Mono path[1] = 'C:/Users/Keagan/Unity/2021.3.9f1/Editor/Data/MonoBleedingEdge/lib/mono/unityjit-win32'
Mono config path = 'C:/Users/Keagan/Unity/2021.3.9f1/Editor/Data/MonoBleedingEdge/etc'
Using monoOptions --debugger-agent=transport=dt_socket,embedding=1,server=y,suspend=n,address=127.0.0.1:56656
Begin MonoManager ReloadAssembly
Registering precompiled unity dll's ...
Register platform support module: C:/Users/Keagan/Unity/2021.3.9f1/Editor/Data/PlaybackEngines/WindowsStandaloneSupport/UnityEditor.WindowsStandalone.Extensions.dll
Registered in 0.014637 seconds.
Native extension for WindowsStandalone target not found
Refreshing native plugins compatible for Editor in 202.82 ms, found 3 plugins.
Preloading 0 native plugins for Editor in 0.00 ms.
Mono: successfully reloaded assembly
- Completed reload, in  1.400 seconds
Domain Reload Profiling:
	ReloadAssembly (1401ms)
		BeginReloadAssembly (165ms)
			ExecutionOrderSort (0ms)
			DisableScriptedObjects (0ms)
			BackupInstance (0ms)
			ReleaseScriptingObjects (0ms)
			CreateAndSetChildDomain (1ms)
		EndReloadAssembly (1001ms)
			LoadAssemblies (158ms)
			RebuildTransferFunctionScriptingTraits (0ms)
			SetupTypeCache (214ms)
			ReleaseScriptCaches (0ms)
			RebuildScriptCaches (62ms)
			SetupLoadedEditorAssemblies (604ms)
				LogAssemblyErrors (0ms)
				InitializePlatformSupportModulesInManaged (18ms)
				SetLoadedEditorAssemblies (0ms)
				RefreshPlugins (203ms)
				BeforeProcessingInitializeOnLoad (3ms)
				ProcessInitializeOnLoadAttributes (277ms)
				ProcessInitializeOnLoadMethodAttributes (102ms)
				AfterProcessingInitializeOnLoad (0ms)
				EditorAssembliesLoaded (0ms)
			ExecutionOrderSort2 (0ms)
			AwakeInstancesAfterBackupRestoration (0ms)
Platform modules already initialized, skipping
Registering precompiled user dll's ...
Registered in 0.024594 seconds.
Begin MonoManager ReloadAssembly
Symbol file LoadedFromMemory doesn't match image C:\Users\Keagan\Unity\Projects\CrimsonGame\Library\PackageCache\com.unity.visualscripting@1.7.8\Editor\VisualScripting.Core\Dependencies\YamlDotNet\Unity.VisualScripting.YamlDotNet.dll
Symbol file LoadedFromMemory doesn't match image C:\Users\Keagan\Unity\Projects\CrimsonGame\Library\PackageCache\com.unity.visualscripting@1.7.8\Editor\VisualScripting.Core\Dependencies\DotNetZip\Unity.VisualScripting.IonicZip.dll
Native extension for WindowsStandalone target not found
Refreshing native plugins compatible for Editor in 1.18 ms, found 3 plugins.
Preloading 0 native plugins for Editor in 0.00 ms.
Mono: successfully reloaded assembly
- Completed reload, in  1.836 seconds
Domain Reload Profiling:
	ReloadAssembly (1837ms)
		BeginReloadAssembly (226ms)
			ExecutionOrderSort (0ms)
			DisableScriptedObjects (10ms)
			BackupInstance (0ms)
			ReleaseScriptingObjects (0ms)
			CreateAndSetChildDomain (38ms)
		EndReloadAssembly (1424ms)
			LoadAssemblies (162ms)
			RebuildTransferFunctionScriptingTraits (0ms)
			SetupTypeCache (428ms)
			ReleaseScriptCaches (1ms)
			RebuildScriptCaches (86ms)
			SetupLoadedEditorAssemblies (701ms)
				LogAssemblyErrors (0ms)
				InitializePlatformSupportModulesInManaged (12ms)
				SetLoadedEditorAssemblies (1ms)
				RefreshPlugins (1ms)
				BeforeProcessingInitializeOnLoad (182ms)
				ProcessInitializeOnLoadAttributes (430ms)
				ProcessInitializeOnLoadMethodAttributes (57ms)
				AfterProcessingInitializeOnLoad (17ms)
				EditorAssembliesLoaded (0ms)
			ExecutionOrderSort2 (0ms)
			AwakeInstancesAfterBackupRestoration (9ms)
Platform modules already initialized, skipping
========================================================================
Worker process is ready to serve import requests
Launched and connected shader compiler UnityShaderCompiler.exe after 0.14 seconds
Refreshing native plugins compatible for Editor in 2.32 ms, found 3 plugins.
Preloading 0 native plugins for Editor in 0.00 ms.
Unloading 3717 Unused Serialized files (Serialized files now loaded: 0)
Unloading 32 unused Assets / (111.4 KB). Loaded Objects now: 4169.
Memory consumption went from 128.8 MB to 128.7 MB.
Total: 6.025100 ms (FindLiveObjects: 0.475000 ms CreateObjectMapping: 0.146700 ms MarkObjects: 5.172200 ms  DeleteObjects: 0.229600 ms)

AssetImportParameters requested are different than current active one (requested -> active):
  custom:video-decoder-ogg-theora: a1e56fd34408186e4bbccfd4996cb3dc -> 
  custom:container-muxer-webm: aa71ff27fc2769a1b78a27578f13a17b -> 
  custom:container-demuxer-webm: 4f35f7cbe854078d1ac9338744f61a02 -> 
  custom:video-encoder-webm-vp8: eb34c28f22e8b96e1ab97ce403110664 -> 
  custom:audio-encoder-webm-vorbis: bf7c407c2cedff20999df2af8eb42d56 -> 
  custom:framework-win-MediaFoundation: 216162199b28c13a410421893ffa2e32 -> 
  custom:container-demuxer-ogg: 62fdf1f143b41e24485cea50d1cbac27 -> 
  custom:video-decoder-webm-vp8: 9c59270c3fd7afecdb556c50c9e8de78 -> 
  custom:audio-decoder-ogg-vorbis: bf7c407c2cedff20999df2af8eb42d56 -> 
========================================================================
Received Import Request.
  Time since last request: 105934.656014 seconds.
  path: Assets/Models/SimpleApocalypse/Prefabs/Characters/Characters/SA_Character_BusinessSurvivor.prefab
  artifactKey: Guid(80cf54b3b2c8e7e43a80c62f98a0fefe) Importer(815301076,1909f56bfc062723c751e8b465ee728b)
Start importing Assets/Models/SimpleApocalypse/Prefabs/Characters/Characters/SA_Character_BusinessSurvivor.prefab using Guid(80cf54b3b2c8e7e43a80c62f98a0fefe) Importer(815301076,1909f56bfc062723c751e8b465ee728b)  -> (artifact id: '50ecd5ed92f66532908fb6a8d4687524') in 0.501235 seconds 
========================================================================
Received Import Request.
  Time since last request: 0.000407 seconds.
  path: Assets/Models/SimpleApocalypse/Prefabs/Characters/Characters/SA_Character_OldMaleSurvivor.prefab
  artifactKey: Guid(de4b15e37688dfd49b7ac3d7dc7a1b45) Importer(815301076,1909f56bfc062723c751e8b465ee728b)
Start importing Assets/Models/SimpleApocalypse/Prefabs/Characters/Characters/SA_Character_OldMaleSurvivor.prefab using Guid(de4b15e37688dfd49b7ac3d7dc7a1b45) Importer(815301076,1909f56bfc062723c751e8b465ee728b)  -> (artifact id: '05e2768d8c69a24120d0b1d7389149a3') in 0.114795 seconds 
========================================================================
Received Import Request.
  Time since last request: 0.000061 seconds.
  path: Assets/Models/SimpleApocalypse/Prefabs/Characters/Characters/SA_Character_FarmerSurvivor.prefab
  artifactKey: Guid(a23df827e2c28b044a18d385b58ce3f7) Importer(815301076,1909f56bfc062723c751e8b465ee728b)
Start importing Assets/Models/SimpleApocalypse/Prefabs/Characters/Characters/SA_Character_FarmerSurvivor.prefab using Guid(a23df827e2c28b044a18d385b58ce3f7) Importer(815301076,1909f56bfc062723c751e8b465ee728b)  -> (artifact id: '06bde9e66534698d9aae2aff62248a43') in 0.111146 seconds 
========================================================================
Received Import Request.
  Time since last request: 0.000051 seconds.
  path: Assets/Models/SimpleApocalypse/Prefabs/Characters/Characters/SA_Character_MaleTrenchcoat.prefab
  artifactKey: Guid(cf506bef31605074a8b1bd575d6eda39) Importer(815301076,1909f56bfc062723c751e8b465ee728b)
Start importing Assets/Models/SimpleApocalypse/Prefabs/Characters/Characters/SA_Character_MaleTrenchcoat.prefab using Guid(cf506bef31605074a8b1bd575d6eda39) Importer(815301076,1909f56bfc062723c751e8b465ee728b)  -> (artifact id: '8d25db40aca020d64e550f86dac087ff') in 0.114060 seconds 
========================================================================
Received Import Request.
  Time since last request: 0.000040 seconds.
  path: Assets/Models/SimpleApocalypse/Prefabs/Characters/Characters/SA_Character_FemalePyro.prefab
  artifactKey: Guid(460f9e46e9a3c094a874c7b9670dc789) Importer(815301076,1909f56bfc062723c751e8b465ee728b)
Start importing Assets/Models/SimpleApocalypse/Prefabs/Characters/Characters/SA_Character_FemalePyro.prefab using Guid(460f9e46e9a3c094a874c7b9670dc789) Importer(815301076,1909f56bfc062723c751e8b465ee728b)  -> (artifact id: 'e78de302dfa18543b654cfe1dbc8a0f4') in 0.123274 seconds 
========================================================================
Received Import Request.
  Time since last request: 0.000072 seconds.
  path: Assets/Models/SimpleApocalypse/Prefabs/Characters/Characters/SA_Character_FemaleSoldier.prefab
  artifactKey: Guid(f80f8dcaabb29ce42b92ee3abd4fb18c) Importer(815301076,1909f56bfc062723c751e8b465ee728b)
Start importing Assets/Models/SimpleApocalypse/Prefabs/Characters/Characters/SA_Character_FemaleSoldier.prefab using Guid(f80f8dcaabb29ce42b92ee3abd4fb18c) Importer(815301076,1909f56bfc062723c751e8b465ee728b)  -> (artifact id: '79e1504d282b54b140d8b51b08107e29') in 0.116104 seconds 
========================================================================
Received Import Request.
  Time since last request: 0.000034 seconds.
  path: Assets/Models/SimpleApocalypse/Prefabs/Characters/Characters/SA_Character_MaleSurvivorHunter.prefab
  artifactKey: Guid(466a02f764f02a8468e89c0c6b4a077d) Importer(815301076,1909f56bfc062723c751e8b465ee728b)
Start importing Assets/Models/SimpleApocalypse/Prefabs/Characters/Characters/SA_Character_MaleSurvivorHunter.prefab using Guid(466a02f764f02a8468e89c0c6b4a077d) Importer(815301076,1909f56bfc062723c751e8b465ee728b)  -> (artifact id: '12ac50059e876cc54fd78aa6c8defefc') in 0.108857 seconds 
========================================================================
Received Import Request.
  Time since last request: 0.000041 seconds.
  path: Assets/Models/SimpleApocalypse/Prefabs/Characters/Characters/SA_Character_Scout.prefab
  artifactKey: Guid(45db33c3cee20694eb21f196a29ac4f8) Importer(815301076,1909f56bfc062723c751e8b465ee728b)
Start importing Assets/Models/SimpleApocalypse/Prefabs/Characters/Characters/SA_Character_Scout.prefab using Guid(45db33c3cee20694eb21f196a29ac4f8) Importer(815301076,1909f56bfc062723c751e8b465ee728b)  -> (artifact id: 'becea9874ebda84c655b67c06e0f04b7') in 0.126497 seconds 
========================================================================
Received Import Request.
  Time since last request: 0.000055 seconds.
  path: Assets/Models/SimpleApocalypse/Prefabs/Characters/Characters/SA_Character_RoadWorkerSurvivor.prefab
  artifactKey: Guid(c9ba63e3d076f6848ab37834bc55cdf9) Importer(815301076,1909f56bfc062723c751e8b465ee728b)
Start importing Assets/Models/SimpleApocalypse/Prefabs/Characters/Characters/SA_Character_RoadWorkerSurvivor.prefab using Guid(c9ba63e3d076f6848ab37834bc55cdf9) Importer(815301076,1909f56bfc062723c751e8b465ee728b)  -> (artifact id: '6e1caff3e5f642f66b62a545caaab5b7') in 0.110279 seconds 
========================================================================
Received Import Request.
  Time since last request: 0.000031 seconds.
  path: Assets/Models/SimpleApocalypse/Prefabs/Characters/Characters/SA_Character_MaleSurvivor03.prefab
  artifactKey: Guid(17f67ce86fbcc4040bd07f5847372841) Importer(815301076,1909f56bfc062723c751e8b465ee728b)
Start importing Assets/Models/SimpleApocalypse/Prefabs/Characters/Characters/SA_Character_MaleSurvivor03.prefab using Guid(17f67ce86fbcc4040bd07f5847372841) Importer(815301076,1909f56bfc062723c751e8b465ee728b)  -> (artifact id: 'dc6d647a8391d580b6854305d9d53539') in 0.105113 seconds 
========================================================================
Received Import Request.
  Time since last request: 0.000060 seconds.
  path: Assets/Models/SimpleApocalypse/Prefabs/Characters/Characters/SA_Character_MaleSurvivor02.prefab
  artifactKey: Guid(471b547e57153524da6de43559147c73) Importer(815301076,1909f56bfc062723c751e8b465ee728b)
Start importing Assets/Models/SimpleApocalypse/Prefabs/Characters/Characters/SA_Character_MaleSurvivor02.prefab using Guid(471b547e57153524da6de43559147c73) Importer(815301076,1909f56bfc062723c751e8b465ee728b)  -> (artifact id: '0a9b7d1aa2f86cfb457511bdf75bc099') in 0.106204 seconds 
Editor requested this worker to shutdown with reason: Scaling down because of idle timeout
AssetImportWorker is now disconnected from the server
Process exiting
Exiting without the bug reporter. Application will terminate with return code 0