Using pre-set license
Built from '2021.3/staging' branch; Version is '2021.3.9f1 (ad3870b89536) revision 11352176'; Using compiler version '192829333'; Build Type 'Release'
OS: 'Windows 10  (10.0.19044) 64bit Professional' Language: 'en' Physical Memory: 49081 MB
BatchMode: 1, IsHumanControllingUs: 0, StartBugReporterOnCrash: 0, Is64bit: 1, IsPro: 1

COMMAND LINE ARGUMENTS:
C:\Users\Keagan\Unity\2021.3.9f1\Editor\Unity.exe
-adb2
-batchMode
-noUpm
-name
AssetImportWorker2
-projectPath
C:/Users/Keagan/Unity/Projects/CrimsonGame
-logFile
Logs/AssetImportWorker2.log
-srvPort
50078
Successfully changed project path to: C:/Users/Keagan/Unity/Projects/CrimsonGame
C:/Users/Keagan/Unity/Projects/CrimsonGame
[UnityMemory] Configuration Parameters - Can be set up in boot.config
    "memorysetup-bucket-allocator-granularity=16"
    "memorysetup-bucket-allocator-bucket-count=8"
    "memorysetup-bucket-allocator-block-size=33554432"
    "memorysetup-bucket-allocator-block-count=8"
    "memorysetup-main-allocator-block-size=16777216"
    "memorysetup-thread-allocator-block-size=16777216"
    "memorysetup-gfx-main-allocator-block-size=16777216"
    "memorysetup-gfx-thread-allocator-block-size=16777216"
    "memorysetup-cache-allocator-block-size=4194304"
    "memorysetup-typetree-allocator-block-size=2097152"
    "memorysetup-profiler-bucket-allocator-granularity=16"
    "memorysetup-profiler-bucket-allocator-bucket-count=8"
    "memorysetup-profiler-bucket-allocator-block-size=33554432"
    "memorysetup-profiler-bucket-allocator-block-count=8"
    "memorysetup-profiler-allocator-block-size=16777216"
    "memorysetup-profiler-editor-allocator-block-size=1048576"
    "memorysetup-temp-allocator-size-main=16777216"
    "memorysetup-job-temp-allocator-block-size=2097152"
    "memorysetup-job-temp-allocator-block-size-background=1048576"
    "memorysetup-job-temp-allocator-reduction-small-platforms=262144"
    "memorysetup-temp-allocator-size-background-worker=32768"
    "memorysetup-temp-allocator-size-job-worker=262144"
    "memorysetup-temp-allocator-size-preload-manager=33554432"
    "memorysetup-temp-allocator-size-nav-mesh-worker=65536"
    "memorysetup-temp-allocator-size-audio-worker=65536"
    "memorysetup-temp-allocator-size-cloud-worker=32768"
    "memorysetup-temp-allocator-size-gi-baking-worker=262144"
    "memorysetup-temp-allocator-size-gfx=262144"
Refreshing native plugins compatible for Editor in 187.39 ms, found 3 plugins.
Preloading 0 native plugins for Editor in 0.00 ms.
Initialize engine version: 2021.3.9f1 (ad3870b89536)
[Subsystems] Discovering subsystems at path C:/Users/Keagan/Unity/2021.3.9f1/Editor/Data/Resources/UnitySubsystems
[Subsystems] Discovering subsystems at path C:/Users/Keagan/Unity/Projects/CrimsonGame/Assets
GfxDevice: creating device client; threaded=0; jobified=0
Direct3D:
    Version:  Direct3D 11.0 [level 11.1]
    Renderer: NVIDIA GeForce RTX 3080 (ID=0x220a)
    Vendor:   NVIDIA
    VRAM:     12116 MB
    Driver:   30.0.15.1215
Initialize mono
Mono path[0] = 'C:/Users/Keagan/Unity/2021.3.9f1/Editor/Data/Managed'
Mono path[1] = 'C:/Users/Keagan/Unity/2021.3.9f1/Editor/Data/MonoBleedingEdge/lib/mono/unityjit-win32'
Mono config path = 'C:/Users/Keagan/Unity/2021.3.9f1/Editor/Data/MonoBleedingEdge/etc'
Using monoOptions --debugger-agent=transport=dt_socket,embedding=1,server=y,suspend=n,address=127.0.0.1:56156
Begin MonoManager ReloadAssembly
Registering precompiled unity dll's ...
Register platform support module: C:/Users/Keagan/Unity/2021.3.9f1/Editor/Data/PlaybackEngines/WindowsStandaloneSupport/UnityEditor.WindowsStandalone.Extensions.dll
Registered in 0.026616 seconds.
Native extension for WindowsStandalone target not found
Refreshing native plugins compatible for Editor in 192.94 ms, found 3 plugins.
Preloading 0 native plugins for Editor in 0.00 ms.
Mono: successfully reloaded assembly
- Completed reload, in  1.393 seconds
Domain Reload Profiling:
	ReloadAssembly (1394ms)
		BeginReloadAssembly (146ms)
			ExecutionOrderSort (0ms)
			DisableScriptedObjects (0ms)
			BackupInstance (0ms)
			ReleaseScriptingObjects (0ms)
			CreateAndSetChildDomain (1ms)
		EndReloadAssembly (998ms)
			LoadAssemblies (139ms)
			RebuildTransferFunctionScriptingTraits (0ms)
			SetupTypeCache (210ms)
			ReleaseScriptCaches (0ms)
			RebuildScriptCaches (70ms)
			SetupLoadedEditorAssemblies (603ms)
				LogAssemblyErrors (0ms)
				InitializePlatformSupportModulesInManaged (19ms)
				SetLoadedEditorAssemblies (1ms)
				RefreshPlugins (193ms)
				BeforeProcessingInitializeOnLoad (5ms)
				ProcessInitializeOnLoadAttributes (286ms)
				ProcessInitializeOnLoadMethodAttributes (99ms)
				AfterProcessingInitializeOnLoad (0ms)
				EditorAssembliesLoaded (0ms)
			ExecutionOrderSort2 (0ms)
			AwakeInstancesAfterBackupRestoration (0ms)
Platform modules already initialized, skipping
Registering precompiled user dll's ...
Registered in 0.018031 seconds.
Begin MonoManager ReloadAssembly
Symbol file LoadedFromMemory doesn't match image C:\Users\Keagan\Unity\Projects\CrimsonGame\Library\PackageCache\com.unity.visualscripting@1.7.8\Editor\VisualScripting.Core\Dependencies\YamlDotNet\Unity.VisualScripting.YamlDotNet.dll
Symbol file LoadedFromMemory doesn't match image C:\Users\Keagan\Unity\Projects\CrimsonGame\Library\PackageCache\com.unity.visualscripting@1.7.8\Editor\VisualScripting.Core\Dependencies\DotNetZip\Unity.VisualScripting.IonicZip.dll
Native extension for WindowsStandalone target not found
Refreshing native plugins compatible for Editor in 1.47 ms, found 3 plugins.
Preloading 0 native plugins for Editor in 0.00 ms.
Mono: successfully reloaded assembly
- Completed reload, in  1.866 seconds
Domain Reload Profiling:
	ReloadAssembly (1868ms)
		BeginReloadAssembly (226ms)
			ExecutionOrderSort (0ms)
			DisableScriptedObjects (11ms)
			BackupInstance (0ms)
			ReleaseScriptingObjects (0ms)
			CreateAndSetChildDomain (43ms)
		EndReloadAssembly (1451ms)
			LoadAssemblies (160ms)
			RebuildTransferFunctionScriptingTraits (0ms)
			SetupTypeCache (446ms)
			ReleaseScriptCaches (1ms)
			RebuildScriptCaches (88ms)
			SetupLoadedEditorAssemblies (699ms)
				LogAssemblyErrors (0ms)
				InitializePlatformSupportModulesInManaged (15ms)
				SetLoadedEditorAssemblies (1ms)
				RefreshPlugins (2ms)
				BeforeProcessingInitializeOnLoad (178ms)
				ProcessInitializeOnLoadAttributes (427ms)
				ProcessInitializeOnLoadMethodAttributes (58ms)
				AfterProcessingInitializeOnLoad (18ms)
				EditorAssembliesLoaded (0ms)
			ExecutionOrderSort2 (0ms)
			AwakeInstancesAfterBackupRestoration (13ms)
Platform modules already initialized, skipping
========================================================================
Worker process is ready to serve import requests
Launched and connected shader compiler UnityShaderCompiler.exe after 0.12 seconds
Refreshing native plugins compatible for Editor in 1.72 ms, found 3 plugins.
Preloading 0 native plugins for Editor in 0.00 ms.
Unloading 3717 Unused Serialized files (Serialized files now loaded: 0)
Unloading 32 unused Assets / (111.4 KB). Loaded Objects now: 4169.
Memory consumption went from 128.8 MB to 128.7 MB.
Total: 4.751300 ms (FindLiveObjects: 0.424500 ms CreateObjectMapping: 0.140900 ms MarkObjects: 4.022400 ms  DeleteObjects: 0.162100 ms)

AssetImportParameters requested are different than current active one (requested -> active):
  custom:video-decoder-ogg-theora: a1e56fd34408186e4bbccfd4996cb3dc -> 
  custom:container-muxer-webm: aa71ff27fc2769a1b78a27578f13a17b -> 
  custom:container-demuxer-webm: 4f35f7cbe854078d1ac9338744f61a02 -> 
  custom:video-encoder-webm-vp8: eb34c28f22e8b96e1ab97ce403110664 -> 
  custom:audio-encoder-webm-vorbis: bf7c407c2cedff20999df2af8eb42d56 -> 
  custom:framework-win-MediaFoundation: 216162199b28c13a410421893ffa2e32 -> 
  custom:container-demuxer-ogg: 62fdf1f143b41e24485cea50d1cbac27 -> 
  custom:video-decoder-webm-vp8: 9c59270c3fd7afecdb556c50c9e8de78 -> 
  custom:audio-decoder-ogg-vorbis: bf7c407c2cedff20999df2af8eb42d56 -> 
========================================================================
Received Import Request.
  Time since last request: 105917.484532 seconds.
  path: Assets/Prefabs
  artifactKey: Guid(e8cdf2ecb1d1ab143afd0298b775bbbf) Importer(815301076,1909f56bfc062723c751e8b465ee728b)
Start importing Assets/Prefabs using Guid(e8cdf2ecb1d1ab143afd0298b775bbbf) Importer(815301076,1909f56bfc062723c751e8b465ee728b)  -> (artifact id: '60facb8a1005fe6a6e5f63c2362a8b49') in 0.011753 seconds 
========================================================================
Received Import Request.
  Time since last request: 3.799209 seconds.
  path: Assets/Prefabs/Character
  artifactKey: Guid(5c5e41e8d1dedba4d944f9874171cb21) Importer(815301076,1909f56bfc062723c751e8b465ee728b)
Start importing Assets/Prefabs/Character using Guid(5c5e41e8d1dedba4d944f9874171cb21) Importer(815301076,1909f56bfc062723c751e8b465ee728b)  -> (artifact id: '4605a6aed4044126c77c086073c4ab49') in 0.003709 seconds 
========================================================================
Received Import Request.
  Time since last request: 11.677629 seconds.
  path: Assets/Models/SimpleApocalypse/Prefabs
  artifactKey: Guid(17139d79c39ae8e4fa59e5bb2bf57a66) Importer(815301076,1909f56bfc062723c751e8b465ee728b)
Start importing Assets/Models/SimpleApocalypse/Prefabs using Guid(17139d79c39ae8e4fa59e5bb2bf57a66) Importer(815301076,1909f56bfc062723c751e8b465ee728b)  -> (artifact id: '24974422a13d43e5bc99229660464fe3') in 0.002788 seconds 
========================================================================
Received Import Request.
  Time since last request: 0.631413 seconds.
  path: Assets/Models/SimpleApocalypse/Prefabs/Characters
  artifactKey: Guid(aff233ece6ab4034980e7167b6d4b49f) Importer(815301076,1909f56bfc062723c751e8b465ee728b)
Start importing Assets/Models/SimpleApocalypse/Prefabs/Characters using Guid(aff233ece6ab4034980e7167b6d4b49f) Importer(815301076,1909f56bfc062723c751e8b465ee728b)  -> (artifact id: '8d56d510fac69262d13f8403ddef08ee') in 0.003954 seconds 
========================================================================
Received Import Request.
  Time since last request: 0.414292 seconds.
  path: Assets/Models/SimpleApocalypse/Prefabs/Characters/Zombies
  artifactKey: Guid(7c870836efa7d3b45966f7daa19aac5f) Importer(815301076,1909f56bfc062723c751e8b465ee728b)
Start importing Assets/Models/SimpleApocalypse/Prefabs/Characters/Zombies using Guid(7c870836efa7d3b45966f7daa19aac5f) Importer(815301076,1909f56bfc062723c751e8b465ee728b)  -> (artifact id: 'c797ef5537f267229b8dbf0eebe9d9e2') in 0.003342 seconds 
========================================================================
Received Import Request.
  Time since last request: 0.500738 seconds.
  path: Assets/Models/SimpleApocalypse/Prefabs/Characters/Characters
  artifactKey: Guid(78dedfcde17952c43bac2f9eef9f34bd) Importer(815301076,1909f56bfc062723c751e8b465ee728b)
Start importing Assets/Models/SimpleApocalypse/Prefabs/Characters/Characters using Guid(78dedfcde17952c43bac2f9eef9f34bd) Importer(815301076,1909f56bfc062723c751e8b465ee728b)  -> (artifact id: '5ebe874698775d96e1ea85757bd670a3') in 0.003130 seconds 
========================================================================
Received Import Request.
  Time since last request: 0.077380 seconds.
  path: Assets/Models/SimpleApocalypse/Prefabs/Characters/Characters/SA_Character_Biohazard.prefab
  artifactKey: Guid(970bf01606e0c194281edb901a23dd06) Importer(815301076,1909f56bfc062723c751e8b465ee728b)
Start importing Assets/Models/SimpleApocalypse/Prefabs/Characters/Characters/SA_Character_Biohazard.prefab using Guid(970bf01606e0c194281edb901a23dd06) Importer(815301076,1909f56bfc062723c751e8b465ee728b)  -> (artifact id: 'e97a4e2bea364b8d69648fc0a23bd33c') in 0.475613 seconds 
========================================================================
Received Import Request.
  Time since last request: 0.000052 seconds.
  path: Assets/Models/SimpleApocalypse/Prefabs/Characters/Characters/SA_Character_PrisonerSurvivor.prefab
  artifactKey: Guid(a6c50e09f98f8de44a4831063d6c56f0) Importer(815301076,1909f56bfc062723c751e8b465ee728b)
Start importing Assets/Models/SimpleApocalypse/Prefabs/Characters/Characters/SA_Character_PrisonerSurvivor.prefab using Guid(a6c50e09f98f8de44a4831063d6c56f0) Importer(815301076,1909f56bfc062723c751e8b465ee728b)  -> (artifact id: 'a485aff6ee9692c7a99e12533f8bfd8e') in 0.115618 seconds 
========================================================================
Received Import Request.
  Time since last request: 0.000059 seconds.
  path: Assets/Models/SimpleApocalypse/Prefabs/Characters/Characters/SA_Character_MaleSurvivor01.prefab
  artifactKey: Guid(3a656f6072373894c88bbdf413b01d33) Importer(815301076,1909f56bfc062723c751e8b465ee728b)
Start importing Assets/Models/SimpleApocalypse/Prefabs/Characters/Characters/SA_Character_MaleSurvivor01.prefab using Guid(3a656f6072373894c88bbdf413b01d33) Importer(815301076,1909f56bfc062723c751e8b465ee728b)  -> (artifact id: '0de0b1b5d6d9b4794835ef26f869950f') in 0.127478 seconds 
========================================================================
Received Import Request.
  Time since last request: 0.000037 seconds.
  path: Assets/Models/SimpleApocalypse/Prefabs/Characters/Characters/SA_Character_Doctor.prefab
  artifactKey: Guid(ba339b8abf10f314e9abfaa02daf88e3) Importer(815301076,1909f56bfc062723c751e8b465ee728b)
Start importing Assets/Models/SimpleApocalypse/Prefabs/Characters/Characters/SA_Character_Doctor.prefab using Guid(ba339b8abf10f314e9abfaa02daf88e3) Importer(815301076,1909f56bfc062723c751e8b465ee728b)  -> (artifact id: 'ecc0026e1457dad996df440704fef5a3') in 0.113546 seconds 
========================================================================
Received Import Request.
  Time since last request: 0.000032 seconds.
  path: Assets/Models/SimpleApocalypse/Prefabs/Characters/Characters/SA_Character_FemaleTrenchcoat.prefab
  artifactKey: Guid(ca666658ba812434682fa3a7c12cb826) Importer(815301076,1909f56bfc062723c751e8b465ee728b)
Start importing Assets/Models/SimpleApocalypse/Prefabs/Characters/Characters/SA_Character_FemaleTrenchcoat.prefab using Guid(ca666658ba812434682fa3a7c12cb826) Importer(815301076,1909f56bfc062723c751e8b465ee728b)  -> (artifact id: '982d2116fa25fd043aaed3ef0d452a14') in 0.123570 seconds 
========================================================================
Received Import Request.
  Time since last request: 0.000071 seconds.
  path: Assets/Models/SimpleApocalypse/Prefabs/Characters/Characters/SA_Character_Survivor_Sheriff.prefab
  artifactKey: Guid(4b753b6812bbae74586b1e8b2e2ef623) Importer(815301076,1909f56bfc062723c751e8b465ee728b)
Start importing Assets/Models/SimpleApocalypse/Prefabs/Characters/Characters/SA_Character_Survivor_Sheriff.prefab using Guid(4b753b6812bbae74586b1e8b2e2ef623) Importer(815301076,1909f56bfc062723c751e8b465ee728b)  -> (artifact id: 'b85c4005fdd5bbae9ecaddca199d1273') in 0.113246 seconds 
========================================================================
Received Import Request.
  Time since last request: 0.000032 seconds.
  path: Assets/Models/SimpleApocalypse/Prefabs/Characters/Characters/SA_Character_Survivor_02.prefab
  artifactKey: Guid(324a318465da32942b6e508cc5022041) Importer(815301076,1909f56bfc062723c751e8b465ee728b)
Start importing Assets/Models/SimpleApocalypse/Prefabs/Characters/Characters/SA_Character_Survivor_02.prefab using Guid(324a318465da32942b6e508cc5022041) Importer(815301076,1909f56bfc062723c751e8b465ee728b)  -> (artifact id: '0c47c0d5081f397e0d3dd09b661b50fc') in 0.105517 seconds 
========================================================================
Received Import Request.
  Time since last request: 0.000048 seconds.
  path: Assets/Models/SimpleApocalypse/Prefabs/Characters/Characters/SA_Character_Survivor_01.prefab
  artifactKey: Guid(15b5cf975452ce04489593cb933c0a90) Importer(815301076,1909f56bfc062723c751e8b465ee728b)
Start importing Assets/Models/SimpleApocalypse/Prefabs/Characters/Characters/SA_Character_Survivor_01.prefab using Guid(15b5cf975452ce04489593cb933c0a90) Importer(815301076,1909f56bfc062723c751e8b465ee728b)  -> (artifact id: '934b72e025ed701d893749e2151c80f2') in 0.113797 seconds 
========================================================================
Received Import Request.
  Time since last request: 0.000077 seconds.
  path: Assets/Models/SimpleApocalypse/Prefabs/Characters/Characters/SA_Character_InjuredSurvivor.prefab
  artifactKey: Guid(5043160fe48e00842aa3364474a07636) Importer(815301076,1909f56bfc062723c751e8b465ee728b)
Start importing Assets/Models/SimpleApocalypse/Prefabs/Characters/Characters/SA_Character_InjuredSurvivor.prefab using Guid(5043160fe48e00842aa3364474a07636) Importer(815301076,1909f56bfc062723c751e8b465ee728b)  -> (artifact id: '2d56cee51487448c96beb76871906c21') in 0.121672 seconds 
========================================================================
Received Import Request.
  Time since last request: 0.000044 seconds.
  path: Assets/Models/SimpleApocalypse/Prefabs/Characters/Characters/SA_Character_Hazard.prefab
  artifactKey: Guid(ceafca23efdb13b439ae574547aa8240) Importer(815301076,1909f56bfc062723c751e8b465ee728b)
Start importing Assets/Models/SimpleApocalypse/Prefabs/Characters/Characters/SA_Character_Hazard.prefab using Guid(ceafca23efdb13b439ae574547aa8240) Importer(815301076,1909f56bfc062723c751e8b465ee728b)  -> (artifact id: '1ffd20f33dee8692358d847d6ecc9ff6') in 0.103223 seconds 
========================================================================
Received Import Request.
  Time since last request: 0.000032 seconds.
  path: Assets/Models/SimpleApocalypse/Prefabs/Characters/Characters/SA_Character_FemaleHero.prefab
  artifactKey: Guid(98d522d6d2f0fd04dbb64cd2239b734a) Importer(815301076,1909f56bfc062723c751e8b465ee728b)
Start importing Assets/Models/SimpleApocalypse/Prefabs/Characters/Characters/SA_Character_FemaleHero.prefab using Guid(98d522d6d2f0fd04dbb64cd2239b734a) Importer(815301076,1909f56bfc062723c751e8b465ee728b)  -> (artifact id: '69b54cc09a2a9f537aac2a0361e7fc43') in 0.101375 seconds 
Editor requested this worker to shutdown with reason: Scaling down because of idle timeout
AssetImportWorker is now disconnected from the server
Process exiting
Exiting without the bug reporter. Application will terminate with return code 0